20150513002844
20150513005327
20150513011235
$ git clone "https://github.com/WordPress/WordPress.git" "/srv/www/html/releases/20150513195924" --branch="master" --depth="1"
git clone "https://github.com/WordPress/WordPress.git" "/srv/www/html/releases/20150513195924" --branch="master" --depth="1"
Cloning into '/srv/www/html/releases/20150513195924'...
$ cd /srv/www/html/releases/20150513195924
$ git submodule update --init --recursive
cd /srv/www/html/releases/20150513195924
git submodule update --init --recursive

$ cd /srv/www/html/releases/20150513195924
$ chmod -R 755 /srv/www/html/releases/20150513195924/app/database/production.sqlite
$ chmod -R g+s /srv/www/html/releases/20150513195924/app/database/production.sqlite
$ chown -R www-data:www-data /srv/www/html/releases/20150513195924/app/database/production.sqlite
cd /srv/www/html/releases/20150513195924
chmod -R 755 /srv/www/html/releases/20150513195924/app/database/production.sqlite
chmod -R g+s /srv/www/html/releases/20150513195924/app/database/production.sqlite
chown -R www-data:www-data /srv/www/html/releases/20150513195924/app/database/production.sqlite
chmod: cannot access ‘/srv/www/html/releases/20150513195924/app/database/production.sqlite’: No such file or directory
$ cd /srv/www/html/releases/20150513195924
$ chmod -R 755 /srv/www/html/releases/20150513195924/storage
$ chmod -R g+s /srv/www/html/releases/20150513195924/storage
$ chown -R www-data:www-data /srv/www/html/releases/20150513195924/storage
cd /srv/www/html/releases/20150513195924
chmod -R 755 /srv/www/html/releases/20150513195924/storage
chmod -R g+s /srv/www/html/releases/20150513195924/storage
chown -R www-data:www-data /srv/www/html/releases/20150513195924/storage
chmod: cannot access ‘/srv/www/html/releases/20150513195924/storage’: No such file or directory
$ cd /srv/www/html/releases/20150513195924
$ chmod -R 755 /srv/www/html/releases/20150513195924/public
$ chmod -R g+s /srv/www/html/releases/20150513195924/public
$ chown -R www-data:www-data /srv/www/html/releases/20150513195924/public
cd /srv/www/html/releases/20150513195924
chmod -R 755 /srv/www/html/releases/20150513195924/public
chmod -R g+s /srv/www/html/releases/20150513195924/public
chown -R www-data:www-data /srv/www/html/releases/20150513195924/public
chmod: cannot access ‘/srv/www/html/releases/20150513195924/public’: No such file or directory
$ ln -s /srv/www/html/releases/20150513195924 /srv/www/html/current-temp
$ mv -Tf /srv/www/html/current-temp /srv/www/html/current
ln -s /srv/www/html/releases/20150513195924 /srv/www/html/current-temp
mv -Tf /srv/www/html/current-temp /srv/www/html/current

|=> No releases to prune from the server