20150517153520
20150517234521
20150517235033
20150518195722
20150518201529
$ git clone "https://github.com/WordPress/WordPress.git" "/srv/www/html/releases/20150518201909" --branch="master" --depth="1"
git clone "https://github.com/WordPress/WordPress.git" "/srv/www/html/releases/20150518201909" --branch="master" --depth="1"
Cloning into '/srv/www/html/releases/20150518201909'...
$ cd /srv/www/html/releases/20150518201909
$ git submodule update --init --recursive
cd /srv/www/html/releases/20150518201909
git submodule update --init --recursive

$ ln -s /srv/www/html/shared/composer.json /srv/www/html/releases/20150518201909/composer.json-temp
$ mv -Tf /srv/www/html/releases/20150518201909/composer.json-temp /srv/www/html/releases/20150518201909/composer.json
ln -s /srv/www/html/shared/composer.json /srv/www/html/releases/20150518201909/composer.json-temp
mv -Tf /srv/www/html/releases/20150518201909/composer.json-temp /srv/www/html/releases/20150518201909/composer.json

$ ln -s /srv/www/html/shared/wp-content/uploads /srv/www/html/releases/20150518201909/wp-content/uploads-temp
$ mv -Tf /srv/www/html/releases/20150518201909/wp-content/uploads-temp /srv/www/html/releases/20150518201909/wp-content/uploads
ln -s /srv/www/html/shared/wp-content/uploads /srv/www/html/releases/20150518201909/wp-content/uploads-temp
mv -Tf /srv/www/html/releases/20150518201909/wp-content/uploads-temp /srv/www/html/releases/20150518201909/wp-content/uploads

$ ln -s /srv/www/html/shared/wp-config.php /srv/www/html/releases/20150518201909/wp-config.php-temp
$ mv -Tf /srv/www/html/releases/20150518201909/wp-config.php-temp /srv/www/html/releases/20150518201909/wp-config.php
ln -s /srv/www/html/shared/wp-config.php /srv/www/html/releases/20150518201909/wp-config.php-temp
mv -Tf /srv/www/html/releases/20150518201909/wp-config.php-temp /srv/www/html/releases/20150518201909/wp-config.php

$ ln -s /srv/www/html/releases/20150518201909 /srv/www/html/current-temp
$ mv -Tf /srv/www/html/current-temp /srv/www/html/current
ln -s /srv/www/html/releases/20150518201909 /srv/www/html/current-temp
mv -Tf /srv/www/html/current-temp /srv/www/html/current

$ cd /srv/www/html/releases/20150518201909
$ composer install
cd /srv/www/html/releases/20150518201909
composer install
Loading composer repositories with package information
Installing dependencies (including require-dev)
  - Installing composer/installers (v1.0.21)
    Loading from cache

  - Installing wpackagist-plugin/w3-total-cache (0.9.4.1)
    Loading from cache

Writing lock file
Generating autoload files
$ cd /srv/www/html/releases/20150518201909
$ sudo /etc/init.d/php5-fpm restart
cd /srv/www/html/releases/20150518201909
sudo /etc/init.d/php5-fpm restart
Restarting php5-fpm (via systemctl): php5-fpm.service.
$ rm -rf /srv/www/html/releases/20150517153520
rm -rf /srv/www/html/releases/20150517153520

|=> Removing <info>1 release</info> from the server